Using pre-set license
Built from '2020.3/staging' branch; Version is '2020.3.0f1 (c7b5465681fb) revision 13088070'; Using compiler version '192528614'; Build Type 'Release'
OS: 'Windows 10 Home; OS build 19042.1165; Version 2009; 64bit' Language: 'fr' Physical Memory: 16198 MB
BatchMode: 1, IsHumanControllingUs: 0, StartBugReporterOnCrash: 0, Is64bit: 1, IsPro: 0

 COMMAND LINE ARGUMENTS:
C:\Program Files\Unity\Hub\Editor\2020.3.0f1\Editor\Unity.exe
-adb2
-batchMode
-noUpm
-name
AssetImportWorker1
-projectPath
C:/Users/thiba/Documents/GitHub/Juice_Breaker/Juice Breaker
-logFile
Logs/AssetImportWorker1.log
-srvPort
53572
Successfully changed project path to: C:/Users/thiba/Documents/GitHub/Juice_Breaker/Juice Breaker
C:/Users/thiba/Documents/GitHub/Juice_Breaker/Juice Breaker
Using Asset Import Pipeline V2.
Refreshing native plugins compatible for Editor in 53.40 ms, found 1 plugins.
Preloading 0 native plugins for Editor in 0.00 ms.
Initialize engine version: 2020.3.0f1 (c7b5465681fb)
[Subsystems] Discovering subsystems at path C:/Program Files/Unity/Hub/Editor/2020.3.0f1/Editor/Data/Resources/UnitySubsystems
[Subsystems] Discovering subsystems at path C:/Users/thiba/Documents/GitHub/Juice_Breaker/Juice Breaker/Assets
GfxDevice: creating device client; threaded=0
Direct3D:
    Version:  Direct3D 11.0 [level 11.1]
    Renderer: Intel(R) UHD Graphics 620 (ID=0x3ea0)
    Vendor:   
    VRAM:     8099 MB
    Driver:   27.20.100.8681
Shader 'Universal Render Pipeline/Particles/Lit': fallback shader 'Universal Render Pipeline/Particles/SimpleLit' not found
Initialize mono
Mono path[0] = 'C:/Program Files/Unity/Hub/Editor/2020.3.0f1/Editor/Data/Managed'
Mono path[1] = 'C:/Program Files/Unity/Hub/Editor/2020.3.0f1/Editor/Data/MonoBleedingEdge/lib/mono/unityjit'
Mono config path = 'C:/Program Files/Unity/Hub/Editor/2020.3.0f1/Editor/Data/MonoBleedingEdge/etc'
Using monoOptions --debugger-agent=transport=dt_socket,embedding=1,server=y,suspend=n,address=127.0.0.1:56216
Begin MonoManager ReloadAssembly
Registering precompiled unity dll's ...
Register platform support module: C:/Program Files/Unity/Hub/Editor/2020.3.0f1/Editor/Data/PlaybackEngines/WebGLSupport/UnityEditor.WebGL.Extensions.dll
Register platform support module: C:/Program Files/Unity/Hub/Editor/2020.3.0f1/Editor/Data/PlaybackEngines/WindowsStandaloneSupport/UnityEditor.WindowsStandalone.Extensions.dll
Registered in 0.002251 seconds.
Native extension for WindowsStandalone target not found
Native extension for WebGL target not found
Refreshing native plugins compatible for Editor in 55.17 ms, found 1 plugins.
Preloading 0 native plugins for Editor in 0.00 ms.
Invoked RoslynAnalysisRunner static constructor.
RoslynAnalysisRunner will not be running.
RoslynAnalysisRunner has terminated.
Mono: successfully reloaded assembly
- Completed reload, in  1.252 seconds
Platform modules already initialized, skipping
Registering precompiled user dll's ...
Registered in 0.001529 seconds.
Begin MonoManager ReloadAssembly
Native extension for WindowsStandalone target not found
Native extension for WebGL target not found
Refreshing native plugins compatible for Editor in 56.35 ms, found 1 plugins.
Preloading 0 native plugins for Editor in 0.00 ms.
Invoked RoslynAnalysisRunner static constructor.
RoslynAnalysisRunner will not be running.
RoslynAnalysisRunner has terminated.
Mono: successfully reloaded assembly
- Completed reload, in  1.082 seconds
Platform modules already initialized, skipping
========================================================================
Worker process is ready to serve import requests
Shader 'Universal Render Pipeline/Particles/Lit': fallback shader 'Universal Render Pipeline/Particles/SimpleLit' not found
Launched and connected shader compiler UnityShaderCompiler.exe after 0.04 seconds
Refreshing native plugins compatible for Editor in 0.60 ms, found 1 plugins.
Preloading 0 native plugins for Editor in 0.00 ms.
Unloading 2986 Unused Serialized files (Serialized files now loaded: 0)
System memory in use before: 131.2 MB.
System memory in use after: 131.3 MB.

Unloading 25 unused Assets to reduce memory usage. Loaded Objects now: 3431.
Total: 2.672900 ms (FindLiveObjects: 0.301200 ms CreateObjectMapping: 0.160500 ms MarkObjects: 2.031300 ms  DeleteObjects: 0.179000 ms)

========================================================================
Received Import Request.
  path: Assets/Audio/AudioMixer.mixer
  artifactKey: Guid(38d6c05fdb3edfd43a9d55411afecdfb) Importer(815301076,1909f56bfc062723c751e8b465ee728b)
Start importing Assets/Audio/AudioMixer.mixer using Guid(38d6c05fdb3edfd43a9d55411afecdfb) Importer(815301076,1909f56bfc062723c751e8b465ee728b)  -> (artifact id: 'ac2ce24c6b122ffa06118bd1fb085f6d') in 0.032289 seconds
  Import took 0.038536 seconds .

========================================================================
Received Import Request.
  Time since last request: 0.061224 seconds.
  path: Assets/Audio/AudioMixer.mixer
  artifactKey: Guid(38d6c05fdb3edfd43a9d55411afecdfb) Importer(815301076,1909f56bfc062723c751e8b465ee728b)
Start importing Assets/Audio/AudioMixer.mixer using Guid(38d6c05fdb3edfd43a9d55411afecdfb) Importer(815301076,1909f56bfc062723c751e8b465ee728b)  -> (artifact id: 'ac2ce24c6b122ffa06118bd1fb085f6d') in 0.003604 seconds
  Import took 0.009034 seconds .

========================================================================
Received Import Request.
  Time since last request: 2.357297 seconds.
  path: Assets/Scenes/Game.unity
  artifactKey: Guid(2cda990e2423bbf4892e6590ba056729) Importer(815301076,1909f56bfc062723c751e8b465ee728b)
Start importing Assets/Scenes/Game.unity using Guid(2cda990e2423bbf4892e6590ba056729) Importer(815301076,1909f56bfc062723c751e8b465ee728b)  -> (artifact id: 'add6559ea083e9468ad90493ffdf2a5d') in 0.010062 seconds
  Import took 0.016255 seconds .

========================================================================
Received Import Request.
  Time since last request: 4.059231 seconds.
  path: Assets/Prefabs/Brick.prefab
  artifactKey: Guid(921ce2b3521bb3b429f0f4c0a220acc2) Importer(815301076,1909f56bfc062723c751e8b465ee728b)
Start importing Assets/Prefabs/Brick.prefab using Guid(921ce2b3521bb3b429f0f4c0a220acc2) Importer(815301076,1909f56bfc062723c751e8b465ee728b)  -> (artifact id: 'eb354c2f9cef5f58ec17d8e4d822a6f0') in 0.220224 seconds
  Import took 0.226306 seconds .

========================================================================
Received Prepare
Registering precompiled user dll's ...
Registered in 0.002824 seconds.
Begin MonoManager ReloadAssembly
Native extension for WindowsStandalone target not found
Native extension for WebGL target not found
Refreshing native plugins compatible for Editor in 0.68 ms, found 1 plugins.
Preloading 0 native plugins for Editor in 0.00 ms.
Invoked RoslynAnalysisRunner static constructor.
RoslynAnalysisRunner will not be running.
RoslynAnalysisRunner has terminated.
Mono: successfully reloaded assembly
- Completed reload, in  1.164 seconds
Platform modules already initialized, skipping
Shader 'Universal Render Pipeline/Particles/Lit': fallback shader 'Universal Render Pipeline/Particles/SimpleLit' not found
Refreshing native plugins compatible for Editor in 0.55 ms, found 1 plugins.
Preloading 0 native plugins for Editor in 0.00 ms.
Unloading 2864 Unused Serialized files (Serialized files now loaded: 0)
System memory in use before: 129.6 MB.
System memory in use after: 129.7 MB.

Unloading 15 unused Assets to reduce memory usage. Loaded Objects now: 3480.
Total: 2.663300 ms (FindLiveObjects: 0.295700 ms CreateObjectMapping: 0.150200 ms MarkObjects: 2.087400 ms  DeleteObjects: 0.128500 ms)

========================================================================
Received Import Request.
  Time since last request: 9.714675 seconds.
  path: Assets/Prefabs/Ball.prefab
  artifactKey: Guid(4cfa027301e24a74e9e76d8748a11fb3) Importer(815301076,1909f56bfc062723c751e8b465ee728b)
Start importing Assets/Prefabs/Ball.prefab using Guid(4cfa027301e24a74e9e76d8748a11fb3) Importer(815301076,1909f56bfc062723c751e8b465ee728b)  -> (artifact id: '2fee06c27e57948fc98cdebefbf2753f') in 0.177118 seconds
  Import took 0.183408 seconds .

========================================================================
Received Import Request.
  Time since last request: 1.146114 seconds.
  path: Assets/Prefabs/Ball.prefab
  artifactKey: Guid(4cfa027301e24a74e9e76d8748a11fb3) Importer(815301076,1909f56bfc062723c751e8b465ee728b)
Start importing Assets/Prefabs/Ball.prefab using Guid(4cfa027301e24a74e9e76d8748a11fb3) Importer(815301076,1909f56bfc062723c751e8b465ee728b)  -> (artifact id: 'a8bfa98ebc22016b25361af002865207') in 0.017051 seconds
  Import took 0.022857 seconds .

========================================================================
Received Prepare
Registering precompiled user dll's ...
Registered in 0.001692 seconds.
Begin MonoManager ReloadAssembly
Native extension for WindowsStandalone target not found
Native extension for WebGL target not found
Refreshing native plugins compatible for Editor in 0.85 ms, found 1 plugins.
Preloading 0 native plugins for Editor in 0.00 ms.
Invoked RoslynAnalysisRunner static constructor.
RoslynAnalysisRunner will not be running.
RoslynAnalysisRunner has terminated.
Mono: successfully reloaded assembly
- Completed reload, in  1.083 seconds
Platform modules already initialized, skipping
Shader 'Universal Render Pipeline/Particles/Lit': fallback shader 'Universal Render Pipeline/Particles/SimpleLit' not found
Refreshing native plugins compatible for Editor in 0.69 ms, found 1 plugins.
Preloading 0 native plugins for Editor in 0.00 ms.
Unloading 2864 Unused Serialized files (Serialized files now loaded: 0)
System memory in use before: 129.7 MB.
System memory in use after: 129.8 MB.

Unloading 15 unused Assets to reduce memory usage. Loaded Objects now: 3520.
Total: 4.448900 ms (FindLiveObjects: 1.087900 ms CreateObjectMapping: 0.403700 ms MarkObjects: 2.820500 ms  DeleteObjects: 0.135200 ms)

========================================================================
Received Prepare
Registering precompiled user dll's ...
Registered in 0.001417 seconds.
Begin MonoManager ReloadAssembly
Native extension for WindowsStandalone target not found
Native extension for WebGL target not found
Refreshing native plugins compatible for Editor in 0.57 ms, found 1 plugins.
Preloading 0 native plugins for Editor in 0.00 ms.
Invoked RoslynAnalysisRunner static constructor.
RoslynAnalysisRunner will not be running.
RoslynAnalysisRunner has terminated.
Mono: successfully reloaded assembly
- Completed reload, in  1.040 seconds
Platform modules already initialized, skipping
Shader 'Universal Render Pipeline/Particles/Lit': fallback shader 'Universal Render Pipeline/Particles/SimpleLit' not found
Refreshing native plugins compatible for Editor in 0.61 ms, found 1 plugins.
Preloading 0 native plugins for Editor in 0.00 ms.
Unloading 2864 Unused Serialized files (Serialized files now loaded: 0)
System memory in use before: 129.8 MB.
System memory in use after: 129.9 MB.

Unloading 13 unused Assets to reduce memory usage. Loaded Objects now: 3524.
Total: 2.513400 ms (FindLiveObjects: 0.280900 ms CreateObjectMapping: 0.156300 ms MarkObjects: 1.961700 ms  DeleteObjects: 0.113100 ms)

========================================================================
Received Prepare
Registering precompiled user dll's ...
Registered in 0.001475 seconds.
Begin MonoManager ReloadAssembly
Native extension for WindowsStandalone target not found
Native extension for WebGL target not found
Refreshing native plugins compatible for Editor in 0.74 ms, found 1 plugins.
Preloading 0 native plugins for Editor in 0.00 ms.
Invoked RoslynAnalysisRunner static constructor.
RoslynAnalysisRunner will not be running.
RoslynAnalysisRunner has terminated.
Mono: successfully reloaded assembly
- Completed reload, in  1.048 seconds
Platform modules already initialized, skipping
Shader 'Universal Render Pipeline/Particles/Lit': fallback shader 'Universal Render Pipeline/Particles/SimpleLit' not found
Refreshing native plugins compatible for Editor in 0.58 ms, found 1 plugins.
Preloading 0 native plugins for Editor in 0.00 ms.
Unloading 2864 Unused Serialized files (Serialized files now loaded: 0)
System memory in use before: 129.8 MB.
System memory in use after: 129.9 MB.

Unloading 13 unused Assets to reduce memory usage. Loaded Objects now: 3528.
Total: 2.874700 ms (FindLiveObjects: 0.369700 ms CreateObjectMapping: 0.138200 ms MarkObjects: 2.194400 ms  DeleteObjects: 0.171200 ms)

========================================================================
Received Prepare
Registering precompiled user dll's ...
Registered in 0.001434 seconds.
Begin MonoManager ReloadAssembly
Native extension for WindowsStandalone target not found
Native extension for WebGL target not found
Refreshing native plugins compatible for Editor in 0.51 ms, found 1 plugins.
Preloading 0 native plugins for Editor in 0.00 ms.
Invoked RoslynAnalysisRunner static constructor.
RoslynAnalysisRunner will not be running.
RoslynAnalysisRunner has terminated.
Mono: successfully reloaded assembly
- Completed reload, in  1.043 seconds
Platform modules already initialized, skipping
Shader 'Universal Render Pipeline/Particles/Lit': fallback shader 'Universal Render Pipeline/Particles/SimpleLit' not found
Refreshing native plugins compatible for Editor in 0.50 ms, found 1 plugins.
Preloading 0 native plugins for Editor in 0.00 ms.
Unloading 2864 Unused Serialized files (Serialized files now loaded: 0)
System memory in use before: 129.8 MB.
System memory in use after: 129.9 MB.

Unloading 13 unused Assets to reduce memory usage. Loaded Objects now: 3532.
Total: 2.952400 ms (FindLiveObjects: 0.345500 ms CreateObjectMapping: 0.154700 ms MarkObjects: 2.306000 ms  DeleteObjects: 0.144900 ms)

========================================================================
Received Prepare
Registering precompiled user dll's ...
Registered in 0.002432 seconds.
Begin MonoManager ReloadAssembly
Native extension for WindowsStandalone target not found
Native extension for WebGL target not found
Refreshing native plugins compatible for Editor in 0.50 ms, found 1 plugins.
Preloading 0 native plugins for Editor in 0.00 ms.
Invoked RoslynAnalysisRunner static constructor.
RoslynAnalysisRunner will not be running.
RoslynAnalysisRunner has terminated.
Mono: successfully reloaded assembly
- Completed reload, in  1.067 seconds
Platform modules already initialized, skipping
Shader 'Universal Render Pipeline/Particles/Lit': fallback shader 'Universal Render Pipeline/Particles/SimpleLit' not found
Refreshing native plugins compatible for Editor in 0.72 ms, found 1 plugins.
Preloading 0 native plugins for Editor in 0.00 ms.
Unloading 2864 Unused Serialized files (Serialized files now loaded: 0)
System memory in use before: 129.8 MB.
System memory in use after: 129.9 MB.

Unloading 13 unused Assets to reduce memory usage. Loaded Objects now: 3536.
Total: 2.907500 ms (FindLiveObjects: 0.423400 ms CreateObjectMapping: 0.175400 ms MarkObjects: 2.182700 ms  DeleteObjects: 0.124700 ms)

========================================================================
Received Import Request.
  Time since last request: 193.443896 seconds.
  path: Assets/Prefabs/Ball.prefab
  artifactKey: Guid(4cfa027301e24a74e9e76d8748a11fb3) Importer(815301076,1909f56bfc062723c751e8b465ee728b)
Start importing Assets/Prefabs/Ball.prefab using Guid(4cfa027301e24a74e9e76d8748a11fb3) Importer(815301076,1909f56bfc062723c751e8b465ee728b)  -> (artifact id: 'd8833aee75f636267e9b0ce3c0aafb5b') in 0.182916 seconds
  Import took 0.188173 seconds .

========================================================================
Received Import Request.
  Time since last request: 11.041870 seconds.
  path: Assets/Prefabs/Brick.prefab
  artifactKey: Guid(921ce2b3521bb3b429f0f4c0a220acc2) Importer(815301076,1909f56bfc062723c751e8b465ee728b)
Start importing Assets/Prefabs/Brick.prefab using Guid(921ce2b3521bb3b429f0f4c0a220acc2) Importer(815301076,1909f56bfc062723c751e8b465ee728b)  -> (artifact id: '64ded5ec7b08471fe58614154dae13f3') in 0.023804 seconds
  Import took 0.030658 seconds .

========================================================================
Received Import Request.
  Time since last request: 0.003120 seconds.
  path: Assets/Prefabs/Brick.prefab
  artifactKey: Guid(921ce2b3521bb3b429f0f4c0a220acc2) Importer(815301076,1909f56bfc062723c751e8b465ee728b)
Start importing Assets/Prefabs/Brick.prefab using Guid(921ce2b3521bb3b429f0f4c0a220acc2) Importer(815301076,1909f56bfc062723c751e8b465ee728b)  -> (artifact id: '64ded5ec7b08471fe58614154dae13f3') in 0.014986 seconds
  Import took 0.020990 seconds .

========================================================================
Received Import Request.
  Time since last request: 4.441388 seconds.
  path: Assets/Prefabs/Brick.prefab
  artifactKey: Guid(921ce2b3521bb3b429f0f4c0a220acc2) Importer(815301076,1909f56bfc062723c751e8b465ee728b)
Start importing Assets/Prefabs/Brick.prefab using Guid(921ce2b3521bb3b429f0f4c0a220acc2) Importer(815301076,1909f56bfc062723c751e8b465ee728b)  -> (artifact id: '3d5b1e4e407dee19fa9c394e11af75e1') in 0.016392 seconds
  Import took 0.022869 seconds .

========================================================================
Received Import Request.
  Time since last request: 0.008167 seconds.
  path: Assets/Prefabs/Brick.prefab
  artifactKey: Guid(921ce2b3521bb3b429f0f4c0a220acc2) Importer(815301076,1909f56bfc062723c751e8b465ee728b)
Start importing Assets/Prefabs/Brick.prefab using Guid(921ce2b3521bb3b429f0f4c0a220acc2) Importer(815301076,1909f56bfc062723c751e8b465ee728b)  -> (artifact id: '3d5b1e4e407dee19fa9c394e11af75e1') in 0.014091 seconds
  Import took 0.020171 seconds .

========================================================================
Received Prepare
Registering precompiled user dll's ...
Registered in 0.001478 seconds.
Begin MonoManager ReloadAssembly
Native extension for WindowsStandalone target not found
Native extension for WebGL target not found
Refreshing native plugins compatible for Editor in 0.54 ms, found 1 plugins.
Preloading 0 native plugins for Editor in 0.00 ms.
Invoked RoslynAnalysisRunner static constructor.
RoslynAnalysisRunner will not be running.
RoslynAnalysisRunner has terminated.
Mono: successfully reloaded assembly
- Completed reload, in  0.988 seconds
Platform modules already initialized, skipping
Shader 'Universal Render Pipeline/Particles/Lit': fallback shader 'Universal Render Pipeline/Particles/SimpleLit' not found
Refreshing native plugins compatible for Editor in 0.50 ms, found 1 plugins.
Preloading 0 native plugins for Editor in 0.00 ms.
Unloading 2864 Unused Serialized files (Serialized files now loaded: 0)
System memory in use before: 129.9 MB.
System memory in use after: 130.1 MB.

Unloading 15 unused Assets to reduce memory usage. Loaded Objects now: 3576.
Total: 2.581000 ms (FindLiveObjects: 0.296300 ms CreateObjectMapping: 0.116400 ms MarkObjects: 2.024800 ms  DeleteObjects: 0.142400 ms)

========================================================================
Received Prepare
Registering precompiled user dll's ...
Registered in 0.001486 seconds.
Begin MonoManager ReloadAssembly
Native extension for WindowsStandalone target not found
Native extension for WebGL target not found
Refreshing native plugins compatible for Editor in 0.82 ms, found 1 plugins.
Preloading 0 native plugins for Editor in 0.00 ms.
Invoked RoslynAnalysisRunner static constructor.
RoslynAnalysisRunner will not be running.
RoslynAnalysisRunner has terminated.
Mono: successfully reloaded assembly
- Completed reload, in  1.050 seconds
Platform modules already initialized, skipping
Shader 'Universal Render Pipeline/Particles/Lit': fallback shader 'Universal Render Pipeline/Particles/SimpleLit' not found
Refreshing native plugins compatible for Editor in 0.55 ms, found 1 plugins.
Preloading 0 native plugins for Editor in 0.00 ms.
Unloading 2864 Unused Serialized files (Serialized files now loaded: 0)
System memory in use before: 130.0 MB.
System memory in use after: 130.1 MB.

Unloading 13 unused Assets to reduce memory usage. Loaded Objects now: 3580.
Total: 2.549500 ms (FindLiveObjects: 0.293600 ms CreateObjectMapping: 0.140900 ms MarkObjects: 2.002000 ms  DeleteObjects: 0.112000 ms)

========================================================================
Received Import Request.
  Time since last request: 216.068685 seconds.
  path: Assets/Particles/BarreParticle.prefab
  artifactKey: Guid(aa098d7f5521cce4f90dfd5b87ff4b6e) Importer(815301076,1909f56bfc062723c751e8b465ee728b)
Start importing Assets/Particles/BarreParticle.prefab using Guid(aa098d7f5521cce4f90dfd5b87ff4b6e) Importer(815301076,1909f56bfc062723c751e8b465ee728b)  -> (artifact id: '7fd772d25b32cd364ef83ffb9af74c43') in 0.041662 seconds
  Import took 0.048060 seconds .

========================================================================
Received Import Request.
  Time since last request: 4.940402 seconds.
  path: Assets/Particles/BarreParticle.prefab
  artifactKey: Guid(aa098d7f5521cce4f90dfd5b87ff4b6e) Importer(815301076,1909f56bfc062723c751e8b465ee728b)
Start importing Assets/Particles/BarreParticle.prefab using Guid(aa098d7f5521cce4f90dfd5b87ff4b6e) Importer(815301076,1909f56bfc062723c751e8b465ee728b)  -> (artifact id: '001cac9ea00c76707304b4d12f8ea112') in 0.004871 seconds
  Import took 0.009519 seconds .

========================================================================
Received Import Request.
  Time since last request: 0.001385 seconds.
  path: Assets/Particles/BarreParticle.prefab
  artifactKey: Guid(aa098d7f5521cce4f90dfd5b87ff4b6e) Importer(815301076,1909f56bfc062723c751e8b465ee728b)
Start importing Assets/Particles/BarreParticle.prefab using Guid(aa098d7f5521cce4f90dfd5b87ff4b6e) Importer(815301076,1909f56bfc062723c751e8b465ee728b)  -> (artifact id: '001cac9ea00c76707304b4d12f8ea112') in 0.004620 seconds
  Import took 0.009755 seconds .

========================================================================
Received Prepare
Registering precompiled user dll's ...
Registered in 0.001951 seconds.
Begin MonoManager ReloadAssembly
Native extension for WindowsStandalone target not found
Native extension for WebGL target not found
Refreshing native plugins compatible for Editor in 0.54 ms, found 1 plugins.
Preloading 0 native plugins for Editor in 0.00 ms.
Invoked RoslynAnalysisRunner static constructor.
RoslynAnalysisRunner will not be running.
RoslynAnalysisRunner has terminated.
Mono: successfully reloaded assembly
- Completed reload, in  0.963 seconds
Platform modules already initialized, skipping
Shader 'Universal Render Pipeline/Particles/Lit': fallback shader 'Universal Render Pipeline/Particles/SimpleLit' not found
Refreshing native plugins compatible for Editor in 0.59 ms, found 1 plugins.
Preloading 0 native plugins for Editor in 0.00 ms.
Unloading 2864 Unused Serialized files (Serialized files now loaded: 0)
System memory in use before: 130.0 MB.
System memory in use after: 130.1 MB.

Unloading 13 unused Assets to reduce memory usage. Loaded Objects now: 3584.
Total: 3.837900 ms (FindLiveObjects: 0.365900 ms CreateObjectMapping: 0.167200 ms MarkObjects: 3.177000 ms  DeleteObjects: 0.126800 ms)

AssetImportWorkerClient::OnTransportError - code=2 error=End of file
