Using pre-set license
Built from '2020.3/staging' branch; Version is '2020.3.0f1 (c7b5465681fb) revision 13088070'; Using compiler version '192528614'; Build Type 'Release'
OS: 'Windows 10 Home; OS build 19042.1165; Version 2009; 64bit' Language: 'fr' Physical Memory: 16198 MB
BatchMode: 1, IsHumanControllingUs: 0, StartBugReporterOnCrash: 0, Is64bit: 1, IsPro: 0

 COMMAND LINE ARGUMENTS:
C:\Program Files\Unity\Hub\Editor\2020.3.0f1\Editor\Unity.exe
-adb2
-batchMode
-noUpm
-name
AssetImportWorker0
-projectPath
C:/Users/thiba/Documents/GitHub/Juice_Breaker/Juice Breaker
-logFile
Logs/AssetImportWorker0.log
-srvPort
52925
Successfully changed project path to: C:/Users/thiba/Documents/GitHub/Juice_Breaker/Juice Breaker
C:/Users/thiba/Documents/GitHub/Juice_Breaker/Juice Breaker
Using Asset Import Pipeline V2.
Refreshing native plugins compatible for Editor in 35.46 ms, found 1 plugins.
Preloading 0 native plugins for Editor in 0.00 ms.
Initialize engine version: 2020.3.0f1 (c7b5465681fb)
[Subsystems] Discovering subsystems at path C:/Program Files/Unity/Hub/Editor/2020.3.0f1/Editor/Data/Resources/UnitySubsystems
[Subsystems] Discovering subsystems at path C:/Users/thiba/Documents/GitHub/Juice_Breaker/Juice Breaker/Assets
GfxDevice: creating device client; threaded=0
Direct3D:
    Version:  Direct3D 11.0 [level 11.1]
    Renderer: Intel(R) UHD Graphics 620 (ID=0x3ea0)
    Vendor:   
    VRAM:     8099 MB
    Driver:   27.20.100.8681
Initialize mono
Mono path[0] = 'C:/Program Files/Unity/Hub/Editor/2020.3.0f1/Editor/Data/Managed'
Mono path[1] = 'C:/Program Files/Unity/Hub/Editor/2020.3.0f1/Editor/Data/MonoBleedingEdge/lib/mono/unityjit'
Mono config path = 'C:/Program Files/Unity/Hub/Editor/2020.3.0f1/Editor/Data/MonoBleedingEdge/etc'
Using monoOptions --debugger-agent=transport=dt_socket,embedding=1,server=y,suspend=n,address=127.0.0.1:56308
Begin MonoManager ReloadAssembly
Registering precompiled unity dll's ...
Register platform support module: C:/Program Files/Unity/Hub/Editor/2020.3.0f1/Editor/Data/PlaybackEngines/WebGLSupport/UnityEditor.WebGL.Extensions.dll
Register platform support module: C:/Program Files/Unity/Hub/Editor/2020.3.0f1/Editor/Data/PlaybackEngines/WindowsStandaloneSupport/UnityEditor.WindowsStandalone.Extensions.dll
Registered in 0.002103 seconds.
Native extension for WindowsStandalone target not found
Native extension for WebGL target not found
Refreshing native plugins compatible for Editor in 34.33 ms, found 1 plugins.
Preloading 0 native plugins for Editor in 0.00 ms.
Invoked RoslynAnalysisRunner static constructor.
RoslynAnalysisRunner will not be running.
RoslynAnalysisRunner has terminated.
Mono: successfully reloaded assembly
- Completed reload, in  1.175 seconds
Platform modules already initialized, skipping
Registering precompiled user dll's ...
Registered in 0.000887 seconds.
Begin MonoManager ReloadAssembly
Native extension for WindowsStandalone target not found
Native extension for WebGL target not found
Refreshing native plugins compatible for Editor in 36.68 ms, found 1 plugins.
Preloading 0 native plugins for Editor in 0.00 ms.
Invoked RoslynAnalysisRunner static constructor.
RoslynAnalysisRunner will not be running.
RoslynAnalysisRunner has terminated.
Mono: successfully reloaded assembly
- Completed reload, in  0.970 seconds
Platform modules already initialized, skipping
========================================================================
Worker process is ready to serve import requests
Launched and connected shader compiler UnityShaderCompiler.exe after 0.04 seconds
Refreshing native plugins compatible for Editor in 0.55 ms, found 1 plugins.
Preloading 0 native plugins for Editor in 0.00 ms.
Unloading 1806 Unused Serialized files (Serialized files now loaded: 0)
System memory in use before: 84.5 MB.
System memory in use after: 84.5 MB.

Unloading 24 unused Assets to reduce memory usage. Loaded Objects now: 2248.
Total: 2.704200 ms (FindLiveObjects: 0.244100 ms CreateObjectMapping: 0.179800 ms MarkObjects: 2.099300 ms  DeleteObjects: 0.180000 ms)

========================================================================
Received Import Request.
  path: Assets
  artifactKey: Guid(00000000000000001000000000000000) Importer(815301076,1909f56bfc062723c751e8b465ee728b)
Start importing Assets using Guid(00000000000000001000000000000000) Importer(815301076,1909f56bfc062723c751e8b465ee728b)  -> (artifact id: '42baae205c97e3337697759514652acd') in 0.010140 seconds
  Import took 0.012991 seconds .

========================================================================
Received Import Request.
  Time since last request: 0.658527 seconds.
  path: Assets/Scripts
  artifactKey: Guid(8e39aac29760f9c449fb410d800e7b62) Importer(815301076,1909f56bfc062723c751e8b465ee728b)
Start importing Assets/Scripts using Guid(8e39aac29760f9c449fb410d800e7b62) Importer(815301076,1909f56bfc062723c751e8b465ee728b)  -> (artifact id: '9ce437258bda783bcb3a9a70f0ee0cb2') in 0.007923 seconds
  Import took 0.011424 seconds .

========================================================================
Received Import Request.
  Time since last request: 4.506033 seconds.
  path: Assets/Sound
  artifactKey: Guid(a5bbff5b8a6059947a8d226237e1b1e9) Importer(815301076,1909f56bfc062723c751e8b465ee728b)
Start importing Assets/Sound using Guid(a5bbff5b8a6059947a8d226237e1b1e9) Importer(815301076,1909f56bfc062723c751e8b465ee728b)  -> (artifact id: '0622aafc18264a4e6adbd7e5292dd20b') in 0.007998 seconds
  Import took 0.012040 seconds .

========================================================================
Received Import Request.
  Time since last request: 20.902666 seconds.
  path: Assets/Sprites
  artifactKey: Guid(196b7951eccfb93428327e25fb577278) Importer(815301076,1909f56bfc062723c751e8b465ee728b)
Start importing Assets/Sprites using Guid(196b7951eccfb93428327e25fb577278) Importer(815301076,1909f56bfc062723c751e8b465ee728b)  -> (artifact id: '1628f326ffdf5ea84d29550d0cffbf94') in 0.007778 seconds
  Import took 0.011641 seconds .

========================================================================
Received Import Request.
  Time since last request: 5.000545 seconds.
  path: Assets/Prefabs
  artifactKey: Guid(1df869f1de6558747b53e04e5a009c65) Importer(815301076,1909f56bfc062723c751e8b465ee728b)
Start importing Assets/Prefabs using Guid(1df869f1de6558747b53e04e5a009c65) Importer(815301076,1909f56bfc062723c751e8b465ee728b)  -> (artifact id: '762405f40d3073a9cf7d039b061075f2') in 0.007947 seconds
  Import took 0.012016 seconds .

AssetImportWorkerClient::OnTransportError - code=2 error=End of file
